<?xml version="1.0" encoding="UTF-8"?>
<testsuite xmlns:xsi="http://www.w3.org/2001/XMLSchema-instance" xsi:noNamespaceSchemaLocation="https://maven.apache.org/surefire/maven-surefire-plugin/xsd/surefire-test-report.xsd" name="com.maxeta.CounterTests" time="0.048" tests="15" errors="0" skipped="0" failures="0">
  <properties>
[...]
</properties>
  <testcase name="testIncrementMinute2" classname="com.maxeta.CounterTests" time="0.004"/>
  <testcase name="testIncrementMinute3" classname="com.maxeta.CounterTests" time="0"/>
  <testcase name="testIncrementSecond2" classname="com.maxeta.CounterTests" time="0"/>
  <testcase name="testIncrementSecond3" classname="com.maxeta.CounterTests" time="0"/>
  <testcase name="testIncrementMinute" classname="com.maxeta.CounterTests" time="0"/>
  <testcase name="testIncrementSecond" classname="com.maxeta.CounterTests" time="0"/>
  <testcase name="testIncrementHour2" classname="com.maxeta.CounterTests" time="0"/>
  <testcase name="testToStandard" classname="com.maxeta.CounterTests" time="0.008"/>
  <testcase name="testToStandard2" classname="com.maxeta.CounterTests" time="0"/>
  <testcase name="testToStandard3" classname="com.maxeta.CounterTests" time="0.001"/>
  <testcase name="testDecrementMinute" classname="com.maxeta.CounterTests" time="0"/>
  <testcase name="testDecrementSecond" classname="com.maxeta.CounterTests" time="0"/>
  <testcase name="testIncrementHour" classname="com.maxeta.CounterTests" time="0"/>
  <testcase name="testDecrementHour" classname="com.maxeta.CounterTests" time="0"/>
  <testcase name="testToMilitary" classname="com.maxeta.CounterTests" time="0.002"/>
</testsuite>